<?xml version="1.0" encoding="UTF-8"?>
<!-- Generated by org.testng.reporters.JUnitXMLReporter -->
<testsuite hostname="DESKTOP-GK381SJ" ignored="0" name="Command line test" tests="2" failures="1" timestamp="2021-03-19T23:15:37 PDT" time="0.171" errors="0">
  <testcase name="mai" time="0.016" classname="com.learn.mavenCommands.mavenCommands.SimpleTest"/>
  <testcase name="main" time="0.0" classname="com.learn.mavenCommands.mavenCommands.SimpleTest">
    <failure type="java.lang.Error" message="Unresolved compilation problem: 
	The method prkintln(String) is undefined for the type PrintStream
">
      <![CDATA[java.lang.Error: Unresolved compilation problem: 
The method prkintln(String) is undefined for the type PrintStream

at com.learn.mavenCommands.mavenCommands.SimpleTest.main(SimpleTest.java:7)
at java.util.ArrayList.forEach(ArrayList.java:1259)
... Removed 36 stack frames]]>
    </failure>
  </testcase> <!-- main -->
</testsuite> <!-- Command line test -->
