<?xml version="1.0" encoding="UTF-8"?>
<testng-results skipped="0" failed="1" ignored="0" total="2" passed="1">
  <reporter-output>
  </reporter-output>
  <suite name="com.learn.mavenCommands.mavenCommands.SimpleTest" duration-ms="171" started-at="2021-03-19T23:15:36 PDT" finished-at="2021-03-19T23:15:37 PDT">
    <groups>
      <group name="st">
        <method signature="SimpleTest.main()[pri:0, instance:com.learn.mavenCommands.mavenCommands.SimpleTest@c038203]" name="main" class="com.learn.mavenCommands.mavenCommands.SimpleTest"/>
      </group> <!-- st -->
      <group name="rt">
        <method signature="SimpleTest.mai()[pri:0, instance:com.learn.mavenCommands.mavenCommands.SimpleTest@c038203]" name="mai" class="com.learn.mavenCommands.mavenCommands.SimpleTest"/>
      </group> <!-- rt -->
    </groups>
    <test name="Command line test" duration-ms="171" started-at="2021-03-19T23:15:36 PDT" finished-at="2021-03-19T23:15:37 PDT">
      <class name="com.learn.mavenCommands.mavenCommands.SimpleTest">
        <test-method status="PASS" signature="mai()[pri:0, instance:com.learn.mavenCommands.mavenCommands.SimpleTest@c038203]" name="mai" duration-ms="16" started-at="2021-03-19T23:15:37 PDT" finished-at="2021-03-19T23:15:37 PDT">
          <reporter-output>
          </reporter-output>
        </test-method> <!-- mai -->
        <test-method status="FAIL" signature="main()[pri:0, instance:com.learn.mavenCommands.mavenCommands.SimpleTest@c038203]" name="main" duration-ms="0" started-at="2021-03-19T23:15:37 PDT" finished-at="2021-03-19T23:15:37 PDT">
          <exception class="java.lang.Error">
            <message>
              <![CDATA[Unresolved compilation problem: 
The method prkintln(String) is undefined for the type PrintStream
]]>
            </message>
            <full-stacktrace>
              <![CDATA[java.lang.Error: Unresolved compilation problem: 
The method prkintln(String) is undefined for the type PrintStream

at com.learn.mavenCommands.mavenCommands.SimpleTest.main(SimpleTest.java:7)
at sun.reflect.NativeMethodAccessorImpl.invoke0(Native Method)
at sun.reflect.NativeMethodAccessorImpl.invoke(NativeMethodAccessorImpl.java:62)
at sun.reflect.DelegatingMethodAccessorImpl.invoke(DelegatingMethodAccessorImpl.java:43)
at java.lang.reflect.Method.invoke(Method.java:498)
at org.testng.internal.MethodInvocationHelper.invokeMethod(MethodInvocationHelper.java:134)
at org.testng.internal.TestInvoker.invokeMethod(TestInvoker.java:597)
at org.testng.internal.TestInvoker.invokeTestMethod(TestInvoker.java:173)
at org.testng.internal.MethodRunner.runInSequence(MethodRunner.java:46)
at org.testng.internal.TestInvoker$MethodInvocationAgent.invoke(TestInvoker.java:816)
at org.testng.internal.TestInvoker.invokeTestMethods(TestInvoker.java:146)
at org.testng.internal.TestMethodWorker.invokeTestMethods(TestMethodWorker.java:146)
at org.testng.internal.TestMethodWorker.run(TestMethodWorker.java:128)
at java.util.ArrayList.forEach(ArrayList.java:1259)
at org.testng.TestRunner.privateRun(TestRunner.java:766)
at org.testng.TestRunner.run(TestRunner.java:587)
at org.testng.SuiteRunner.runTest(SuiteRunner.java:384)
at org.testng.SuiteRunner.runSequentially(SuiteRunner.java:378)
at org.testng.SuiteRunner.privateRun(SuiteRunner.java:337)
at org.testng.SuiteRunner.run(SuiteRunner.java:286)
at org.testng.SuiteRunnerWorker.runSuite(SuiteRunnerWorker.java:53)
at org.testng.SuiteRunnerWorker.run(SuiteRunnerWorker.java:96)
at org.testng.TestNG.runSuitesSequentially(TestNG.java:1187)
at org.testng.TestNG.runSuitesLocally(TestNG.java:1109)
at org.testng.TestNG.runSuites(TestNG.java:1039)
at org.testng.TestNG.run(TestNG.java:1007)
at org.apache.maven.surefire.testng.TestNGExecutor.run(TestNGExecutor.java:77)
at org.apache.maven.surefire.testng.TestNGDirectoryTestSuite.execute(TestNGDirectoryTestSuite.java:110)
at org.apache.maven.surefire.testng.TestNGProvider.invoke(TestNGProvider.java:106)
at sun.reflect.NativeMethodAccessorImpl.invoke0(Native Method)
at sun.reflect.NativeMethodAccessorImpl.invoke(NativeMethodAccessorImpl.java:62)
at sun.reflect.DelegatingMethodAccessorImpl.invoke(DelegatingMethodAccessorImpl.java:43)
at java.lang.reflect.Method.invoke(Method.java:498)
at org.apache.maven.surefire.util.ReflectionUtils.invokeMethodWithArray(ReflectionUtils.java:189)
at org.apache.maven.surefire.booter.ProviderFactory$ProviderProxy.invoke(ProviderFactory.java:165)
at org.apache.maven.surefire.booter.ProviderFactory.invokeProvider(ProviderFactory.java:85)
at org.apache.maven.surefire.booter.ForkedBooter.runSuitesInProcess(ForkedBooter.java:115)
at org.apache.maven.surefire.booter.ForkedBooter.main(ForkedBooter.java:75)
]]>
            </full-stacktrace>
          </exception> <!-- java.lang.Error -->
          <reporter-output>
          </reporter-output>
        </test-method> <!-- main -->
      </class> <!-- com.learn.mavenCommands.mavenCommands.SimpleTest -->
    </test> <!-- Command line test -->
  </suite> <!-- com.learn.mavenCommands.mavenCommands.SimpleTest -->
</testng-results>
